0 info it worked if it ends with ok
1 verbose cli [ '/usr/bin/nodejs', '/usr/bin/npm', 'install', 'socket.io' ]
2 info using npm@1.3.10
3 info using node@v0.10.25
4 verbose cache add [ 'socket.io', null ]
5 verbose cache add name=undefined spec="socket.io" args=["socket.io",null]
6 verbose parsed url { protocol: null,
6 verbose parsed url   slashes: null,
6 verbose parsed url   auth: null,
6 verbose parsed url   host: null,
6 verbose parsed url   port: null,
6 verbose parsed url   hostname: null,
6 verbose parsed url   hash: null,
6 verbose parsed url   search: null,
6 verbose parsed url   query: null,
6 verbose parsed url   pathname: 'socket.io',
6 verbose parsed url   path: 'socket.io',
6 verbose parsed url   href: 'socket.io' }
7 silly lockFile 71475bfd-socket-io socket.io
8 verbose lock socket.io /home/bmkeros/.npm/71475bfd-socket-io.lock
9 silly lockFile 71475bfd-socket-io socket.io
10 silly lockFile 71475bfd-socket-io socket.io
11 verbose addNamed [ 'socket.io', '' ]
12 verbose addNamed [ null, '*' ]
13 silly lockFile c03de861-socket-io socket.io@
14 verbose lock socket.io@ /home/bmkeros/.npm/c03de861-socket-io.lock
15 silly addNameRange { name: 'socket.io', range: '*', hasData: false }
16 verbose url raw socket.io
17 verbose url resolving [ 'https://registry.npmjs.org/', './socket.io' ]
18 verbose url resolved https://registry.npmjs.org/socket.io
19 info trying registry request attempt 1 at 10:43:24
20 verbose etag "58d73ff5-24be2"
21 http GET https://registry.npmjs.org/socket.io
22 info retry will retry, error on last attempt: Error: getaddrinfo ENOTFOUND
23 info trying registry request attempt 2 at 10:43:54
24 verbose etag "58d73ff5-24be2"
25 http GET https://registry.npmjs.org/socket.io
26 info retry will retry, error on last attempt: Error: connect ETIMEDOUT
27 info trying registry request attempt 3 at 10:47:19
28 verbose etag "58d73ff5-24be2"
29 http GET https://registry.npmjs.org/socket.io
30 http 304 https://registry.npmjs.org/socket.io
31 silly registry.get cb [ 304,
31 silly registry.get   { date: 'Wed, 29 Mar 2017 14:47:45 GMT',
31 silly registry.get     via: '1.1 varnish',
31 silly registry.get     'cache-control': 'max-age=300',
31 silly registry.get     etag: '"58d73ff5-24be2"',
31 silly registry.get     age: '0',
31 silly registry.get     connection: 'keep-alive',
31 silly registry.get     'x-served-by': 'cache-atl6239-ATL',
31 silly registry.get     'x-cache': 'HIT',
31 silly registry.get     'x-cache-hits': '1',
31 silly registry.get     'x-timer': 'S1490798865.663249,VS0,VE115',
31 silly registry.get     vary: 'Accept-Encoding' } ]
32 verbose etag socket.io from cache
33 silly addNameRange number 2 { name: 'socket.io', range: '*', hasData: true }
34 silly addNameRange versions [ 'socket.io',
34 silly addNameRange   [ '0.3.8',
34 silly addNameRange     '0.4.0',
34 silly addNameRange     '0.4.1',
34 silly addNameRange     '0.5.1',
34 silly addNameRange     '0.5.3',
34 silly addNameRange     '0.6.0',
34 silly addNameRange     '0.6.1',
34 silly addNameRange     '0.6.3',
34 silly addNameRange     '0.6.4',
34 silly addNameRange     '0.6.5',
34 silly addNameRange     '0.6.6',
34 silly addNameRange     '0.6.7',
34 silly addNameRange     '0.6.8',
34 silly addNameRange     '0.6.9',
34 silly addNameRange     '0.6.10',
34 silly addNameRange     '0.6.11',
34 silly addNameRange     '0.6.12',
34 silly addNameRange     '0.6.14',
34 silly addNameRange     '0.6.15',
34 silly addNameRange     '0.6.16',
34 silly addNameRange     '0.6.17',
34 silly addNameRange     '0.6.18',
34 silly addNameRange     '0.7.0',
34 silly addNameRange     '0.7.1',
34 silly addNameRange     '0.7.2',
34 silly addNameRange     '0.7.3',
34 silly addNameRange     '0.7.4',
34 silly addNameRange     '0.7.5',
34 silly addNameRange     '0.7.6',
34 silly addNameRange     '0.7.7',
34 silly addNameRange     '0.7.8',
34 silly addNameRange     '0.7.9',
34 silly addNameRange     '0.7.10',
34 silly addNameRange     '0.7.11',
34 silly addNameRange     '0.8.0',
34 silly addNameRange     '0.8.1',
34 silly addNameRange     '0.8.2',
34 silly addNameRange     '0.8.3',
34 silly addNameRange     '0.8.4',
34 silly addNameRange     '0.8.5',
34 silly addNameRange     '0.8.6',
34 silly addNameRange     '0.8.7',
34 silly addNameRange     '0.9.0',
34 silly addNameRange     '0.9.1',
34 silly addNameRange     '0.9.1-1',
34 silly addNameRange     '0.9.2',
34 silly addNameRange     '0.9.3',
34 silly addNameRange     '0.9.4',
34 silly addNameRange     '0.9.5',
34 silly addNameRange     '0.9.6',
34 silly addNameRange     '0.9.7',
34 silly addNameRange     '0.9.8',
34 silly addNameRange     '0.9.9',
34 silly addNameRange     '0.9.10',
34 silly addNameRange     '0.9.11',
34 silly addNameRange     '0.9.12',
34 silly addNameRange     '0.9.13',
34 silly addNameRange     '0.9.14',
34 silly addNameRange     '0.9.15',
34 silly addNameRange     '0.9.16',
34 silly addNameRange     '1.0.0-pre',
34 silly addNameRange     '1.0.0-pre2',
34 silly addNameRange     '1.0.0-pre3',
34 silly addNameRange     '1.0.0-pre4',
34 silly addNameRange     '1.0.0-pre5',
34 silly addNameRange     '0.9.17',
34 silly addNameRange     '1.0.0',
34 silly addNameRange     '1.0.1',
34 silly addNameRange     '1.0.2',
34 silly addNameRange     '1.0.3',
34 silly addNameRange     '1.0.4',
34 silly addNameRange     '1.0.5',
34 silly addNameRange     '1.0.6',
34 silly addNameRange     '1.1.0',
34 silly addNameRange     '1.2.0',
34 silly addNameRange     '1.2.1',
34 silly addNameRange     '1.3.0',
34 silly addNameRange     '1.3.1',
34 silly addNameRange     '1.3.2',
34 silly addNameRange     '1.3.3',
34 silly addNameRange     '1.3.4',
34 silly addNameRange     '1.3.5',
34 silly addNameRange     '1.3.6',
34 silly addNameRange     '1.3.7',
34 silly addNameRange     '1.4.0',
34 silly addNameRange     '1.4.1',
34 silly addNameRange     '1.4.2',
34 silly addNameRange     '1.4.3',
34 silly addNameRange     '1.4.4',
34 silly addNameRange     '1.4.5',
34 silly addNameRange     '1.4.6',
34 silly addNameRange     '1.4.7',
34 silly addNameRange     '1.4.8',
34 silly addNameRange     '1.5.0',
34 silly addNameRange     '1.5.1',
34 silly addNameRange     '1.6.0',
34 silly addNameRange     '1.7.0',
34 silly addNameRange     '1.7.1',
34 silly addNameRange     '1.7.2',
34 silly addNameRange     '1.7.3' ] ]
35 verbose addNamed [ 'socket.io', '1.7.3' ]
36 verbose addNamed [ '1.7.3', '1.7.3' ]
37 silly lockFile 24688a73-socket-io-1-7-3 socket.io@1.7.3
38 verbose lock socket.io@1.7.3 /home/bmkeros/.npm/24688a73-socket-io-1-7-3.lock
39 silly lockFile 65c6df2d-rg-socket-io-socket-io-1-7-3-tgz https://registry.npmjs.org/socket.io/-/socket.io-1.7.3.tgz
40 verbose lock https://registry.npmjs.org/socket.io/-/socket.io-1.7.3.tgz /home/bmkeros/.npm/65c6df2d-rg-socket-io-socket-io-1-7-3-tgz.lock
41 verbose addRemoteTarball [ 'https://registry.npmjs.org/socket.io/-/socket.io-1.7.3.tgz',
41 verbose addRemoteTarball   'b8af9caba00949e568e369f1327ea9be9ea2461b' ]
42 silly lockFile 65c6df2d-rg-socket-io-socket-io-1-7-3-tgz https://registry.npmjs.org/socket.io/-/socket.io-1.7.3.tgz
43 silly lockFile 65c6df2d-rg-socket-io-socket-io-1-7-3-tgz https://registry.npmjs.org/socket.io/-/socket.io-1.7.3.tgz
44 silly lockFile 24688a73-socket-io-1-7-3 socket.io@1.7.3
45 silly lockFile 24688a73-socket-io-1-7-3 socket.io@1.7.3
46 silly lockFile c03de861-socket-io socket.io@
47 silly lockFile c03de861-socket-io socket.io@
48 error Error: EACCES, mkdir '/home/bmkeros/tmp/npm-4511-OLmUIIDq'
48 error  { [Error: EACCES, mkdir '/home/bmkeros/tmp/npm-4511-OLmUIIDq']
48 error   errno: 3,
48 error   code: 'EACCES',
48 error   path: '/home/bmkeros/tmp/npm-4511-OLmUIIDq' }
49 error Please try running this command again as root/Administrator.
50 error System Linux 4.4.0-31-generic
51 error command "/usr/bin/nodejs" "/usr/bin/npm" "install" "socket.io"
52 error cwd /home/bmkeros/Escritorio/Validar Form in ES6
53 error node -v v0.10.25
54 error npm -v 1.3.10
55 error path /home/bmkeros/tmp/npm-4511-OLmUIIDq
56 error code EACCES
57 error errno 3
58 error stack Error: EACCES, mkdir '/home/bmkeros/tmp/npm-4511-OLmUIIDq'
59 verbose exit [ 3, true ]
